<?xml version="1.0" encoding="UTF-8"?>
<!-- Generated by org.testng.reporters.JUnitXMLReporter -->
<testsuite ignored="0" hostname="Mohamed-Abdelga" failures="0" tests="4" name="Surefire test" time="85.795" errors="0" timestamp="2025-09-05T14:29:34 EEST">
  <testcase classname="io.cucumber.testng.AbstractTestNGCucumberTests" name="runScenario" time="32.596"/>
  <testcase classname="tests.SubmitOrderTest" name="submitOrder" time="16.069"/>
  <testcase classname="tests.SubmitOrderTest" name="submitOrder" time="15.976"/>
  <testcase classname="tests.SubmitOrderTest" name="OrderHistoryTest" time="1.466"/>
</testsuite> <!-- Surefire test -->
