<?xml version="1.0" encoding="UTF-8"?>
<testng-results ignored="0" total="4" passed="4" failed="0" skipped="0">
  <reporter-output>
  </reporter-output>
  <suite started-at="2025-09-05T14:28:09 EEST" name="Surefire suite" finished-at="2025-09-05T14:29:34 EEST" duration-ms="85795">
    <groups>
      <group name="cucumber">
        <method signature="AbstractTestNGCucumberTests.runScenario(io.cucumber.testng.PickleWrapper,io.cucumber.testng.FeatureWrapper)[pri:0, instance:cucumber.TestNGTestRunner@6e20b53a]" name="runScenario" class="io.cucumber.testng.AbstractTestNGCucumberTests"/>
      </group> <!-- cucumber -->
    </groups>
    <test started-at="2025-09-05T14:28:09 EEST" name="Surefire test" finished-at="2025-09-05T14:29:34 EEST" duration-ms="85795">
      <class name="tests.SubmitOrderTest">
        <test-method is-config="true" signature="launchApplication()[pri:0, instance:tests.SubmitOrderTest@6356695f]" started-at="2025-09-05T14:28:43 EEST" name="launchApplication" finished-at="2025-09-05T14:28:48 EEST" duration-ms="5071" status="PASS">
          <reporter-output>
          </reporter-output>
        </test-method> <!-- launchApplication -->
        <test-method signature="submitOrder(java.util.HashMap)[pri:0, instance:tests.SubmitOrderTest@6356695f]" started-at="2025-09-05T14:28:48 EEST" name="submitOrder" data-provider="getData" finished-at="2025-09-05T14:29:04 EEST" duration-ms="16069" status="PASS">
          <params>
            <param index="0">
              <value>
                <![CDATA[{password=Iamking@000, product=ZARA COAT 3, email=anshika@gmail.com}]]>
              </value>
            </param>
          </params>
          <reporter-output>
          </reporter-output>
        </test-method> <!-- submitOrder -->
        <test-method is-config="true" signature="tearDown()[pri:0, instance:tests.SubmitOrderTest@6356695f]" started-at="2025-09-05T14:29:04 EEST" name="tearDown" finished-at="2025-09-05T14:29:05 EEST" duration-ms="691" status="PASS">
          <reporter-output>
          </reporter-output>
        </test-method> <!-- tearDown -->
        <test-method is-config="true" signature="launchApplication()[pri:0, instance:tests.SubmitOrderTest@6356695f]" started-at="2025-09-05T14:29:05 EEST" name="launchApplication" finished-at="2025-09-05T14:29:10 EEST" duration-ms="5450" status="PASS">
          <reporter-output>
          </reporter-output>
        </test-method> <!-- launchApplication -->
        <test-method signature="submitOrder(java.util.HashMap)[pri:0, instance:tests.SubmitOrderTest@6356695f]" started-at="2025-09-05T14:29:10 EEST" name="submitOrder" data-provider="getData" finished-at="2025-09-05T14:29:26 EEST" duration-ms="15976" status="PASS">
          <params>
            <param index="0">
              <value>
                <![CDATA[{password=Iamking@000, product=ADIDAS ORIGINAL, email=shetty@gmail.com}]]>
              </value>
            </param>
          </params>
          <reporter-output>
          </reporter-output>
        </test-method> <!-- submitOrder -->
        <test-method is-config="true" signature="tearDown()[pri:0, instance:tests.SubmitOrderTest@6356695f]" started-at="2025-09-05T14:29:26 EEST" name="tearDown" finished-at="2025-09-05T14:29:27 EEST" duration-ms="595" status="PASS">
          <reporter-output>
          </reporter-output>
        </test-method> <!-- tearDown -->
        <test-method is-config="true" signature="launchApplication()[pri:0, instance:tests.SubmitOrderTest@6356695f]" started-at="2025-09-05T14:29:27 EEST" name="launchApplication" finished-at="2025-09-05T14:29:32 EEST" duration-ms="5381" status="PASS">
          <reporter-output>
          </reporter-output>
        </test-method> <!-- launchApplication -->
        <test-method signature="OrderHistoryTest()[pri:0, instance:tests.SubmitOrderTest@6356695f]" started-at="2025-09-05T14:29:32 EEST" name="OrderHistoryTest" finished-at="2025-09-05T14:29:34 EEST" depends-on-methods="tests.SubmitOrderTest.submitOrder" duration-ms="1466" status="PASS">
          <reporter-output>
          </reporter-output>
        </test-method> <!-- OrderHistoryTest -->
        <test-method is-config="true" signature="tearDown()[pri:0, instance:tests.SubmitOrderTest@6356695f]" started-at="2025-09-05T14:29:34 EEST" name="tearDown" finished-at="2025-09-05T14:29:34 EEST" duration-ms="736" status="PASS">
          <reporter-output>
          </reporter-output>
        </test-method> <!-- tearDown -->
      </class> <!-- tests.SubmitOrderTest -->
      <class name="cucumber.TestNGTestRunner">
        <test-method is-config="true" signature="setUpClass(org.testng.ITestContext)[pri:0, instance:cucumber.TestNGTestRunner@6e20b53a]" started-at="2025-09-05T14:28:09 EEST" name="setUpClass" finished-at="2025-09-05T14:28:10 EEST" duration-ms="1190" status="PASS">
          <params>
            <param index="0">
              <value>
                <![CDATA[org.testng.TestRunner@2b999ee8]]>
              </value>
            </param>
          </params>
          <reporter-output>
          </reporter-output>
        </test-method> <!-- setUpClass -->
        <test-method signature="runScenario(io.cucumber.testng.PickleWrapper,io.cucumber.testng.FeatureWrapper)[pri:0, instance:cucumber.TestNGTestRunner@6e20b53a]" started-at="2025-09-05T14:28:10 EEST" name="runScenario" description="Runs Cucumber Scenarios" data-provider="scenarios" finished-at="2025-09-05T14:28:42 EEST" duration-ms="32596" status="PASS">
          <params>
            <param index="0">
              <value>
                <![CDATA["Positive Test of Submitting the order"]]>
              </value>
            </param>
            <param index="1">
              <value>
                <![CDATA["Purchase the order from Ecommerce Website"]]>
              </value>
            </param>
          </params>
          <reporter-output>
          </reporter-output>
        </test-method> <!-- runScenario -->
        <test-method is-config="true" signature="tearDownClass()[pri:0, instance:cucumber.TestNGTestRunner@6e20b53a]" started-at="2025-09-05T14:28:43 EEST" name="tearDownClass" finished-at="2025-09-05T14:28:43 EEST" duration-ms="89" status="PASS">
          <reporter-output>
          </reporter-output>
        </test-method> <!-- tearDownClass -->
      </class> <!-- cucumber.TestNGTestRunner -->
    </test> <!-- Surefire test -->
  </suite> <!-- Surefire suite -->
</testng-results>
